Arguments: 
  /home/chrisa/.nvm/versions/node/v18.12.1/bin/node /usr/share/yarn/bin/yarn.js install

PATH: 
  /home/chrisa/.nvm/versions/node/v18.12.1/bin:/usr/bin/node:/home/chrisa/.local/share/pnpm:/home/chrisa/.local/bin:/usr/local/sbin:/usr/local/bin:/usr/sbin:/usr/bin:/sbin:/bin:/usr/games:/usr/local/games:/snap/bin:/snap/bin:/home/chrisa/.local/share/JetBrains/Toolbox/scripts

Yarn version: 
  1.22.19

Node version: 
  18.12.1

Platform: 
  linux x64

Trace: 
  Error: ENOENT: no such file or directory, copyfile '/home/chrisa/.cache/yarn/v6/npm-find-up-5.0.0-4c92819ecb7083561e4f4a240a86be5198f536fc-integrity/node_modules/find-up/index.js' -> '/home/chrisa/Projects/rollins/rollins-edu-cla/web/node_modules/.pnpm/gatsby-source-sanity@7.6.1_pzehkixzpxvh6vlhxyqetjroye/node_modules/gatsby-source-sanity/node_modules/eslint/node_modules/find-up/index.js'

npm manifest: 
  {
    "name": "gatsby-source-sanity",
    "version": "7.6.1",
    "description": "Gatsby source plugin for building websites using Sanity.io as a backend.",
    "keywords": [
      "gatsby",
      "gatsby-plugin",
      "gatsby-source-plugin"
    ],
    "homepage": "https://github.com/sanity-io/gatsby-source-sanity#readme",
    "bugs": {
      "url": "https://github.com/sanity-io/gatsby-source-sanity/issues"
    },
    "repository": "https://github.com/sanity-io/gatsby-source-sanity",
    "license": "MIT",
    "author": "Sanity.io <hello@sanity.io>",
    "contributors": [
      {
        "name": "Henrique Doro",
        "email": "opensource@hdoro.dev"
      }
    ],
    "main": "index.js",
    "types": "lib-es5/index.d.ts",
    "files": [
      "lib",
      "lib-es5",
      "src",
      "gatsby-node.js",
      "gatsby-ssr.js"
    ],
    "scripts": {
      "build": "tsc && tsc -t ES5 --outDir lib-es5",
      "format": "prettier --write src/**/*.{ts,tsx}",
      "prepublishOnly": "npm run build",
      "test": "jest",
      "watch": "tsc --watch & tsc && tsc -t ES5 --outDir lib-es5 --watch"
    },
    "dependencies": {
      "@sanity/client": "^3.4.1",
      "@sanity/image-url": "^1.0.1",
      "@sanity/mutator": "^2.33.2",
      "@types/url-parse": "^1.4.8",
      "axios": "^0.27.2",
      "debug": "^4.3.4",
      "gatsby-core-utils": "^4.1.0",
      "gatsby-plugin-utils": "^4.1.0",
      "get-stream": "^6.0.1",
      "lodash": "^4.17.21",
      "oneline": "^1.0.3",
      "pumpify": "^2.0.1",
      "rxjs": "^6.6.7",
      "semver": "^7.3.8",
      "split2": "^4.1.0",
      "through2": "^4.0.2",
      "url-parse": "^1.5.10"
    },
    "devDependencies": {
      "@sanity/semantic-release-preset": "^2.0.2",
      "@types/debug": "^4.1.7",
      "@types/jest": "^29.2.3",
      "@types/lodash": "^4.14.189",
      "@types/node": "^18.11.9",
      "@types/react-dom": "^18.0.9",
      "@types/semver": "^7.3.13",
      "@types/split2": "^3.2.1",
      "@types/through2": "^2.0.38",
      "eslint": "^8.28.0",
      "eslint-config-prettier": "^8.5.0",
      "eslint-config-sanity": "^6.0.0",
      "gatsby": "^5.1.0",
      "gatsby-plugin-image": "^3.1.0",
      "jest": "^29.3.1",
      "mkdirp": "^1.0.4",
      "prettier": "^2.7.1",
      "prettier-plugin-packagejson": "^2.3.0",
      "prettier-plugin-tailwindcss": "^0.1.13",
      "react": "^18.2.0",
      "ts-jest": "^29.0.3",
      "typescript": "^4.9.3"
    },
    "peerDependencies": {
      "gatsby": "^3.0.0 || ^4.0.0 || ^5.0.0",
      "gatsby-plugin-image": "^1.0.0 || ^2.0.0 || ^3.0.0"
    },
    "engines": {
      "node": ">=14"
    }
  }

yarn manifest: 
  No manifest

Lockfile: 
  No lockfile
